WARNING: HADOOP_PREFIX has been replaced by HADOOP_HOME. Using value of HADOOP_PREFIX.
19/02/19 19:26:37 INFO pig.ExecTypeProvider: Trying ExecType : LOCAL
19/02/19 19:26:37 INFO pig.ExecTypeProvider: Trying ExecType : MAPREDUCE
19/02/19 19:26:37 INFO pig.ExecTypeProvider: Picked MAPREDUCE as the ExecType
2019-02-19 19:26:37,412 [main] INFO  org.apache.pig.Main - Apache Pig version 0.16.0.3.1.0.0-78 (rUnversioned directory) compiled Dec 06 2018, 12:29:08
2019-02-19 19:26:37,412 [main] INFO  org.apache.pig.Main - Logging error messages to: /home/seniorDesign2019/pigmix/scripts/pig_1550604397411.log
2019-02-19 19:26:37,837 [main] INFO  org.apache.pig.impl.util.Utils - Default bootup file /home/agadler/.pigbootup not found
2019-02-19 19:26:37,925 [main] INFO  org.apache.pig.backend.hadoop.executionengine.HExecutionEngine - Connecting to hadoop file system at: hdfs://pigfarm-master.ncsu-las.priv:8020
2019-02-19 19:26:38,358 [main] INFO  org.apache.pig.PigServer - Pig Script ID for the session: PIG-L3.pig-1cfea3d0-7e6c-4ea6-a83c-9ff3b787ad9b
2019-02-19 19:26:38,529 [main] INFO  org.apache.hadoop.yarn.client.api.impl.TimelineClientImpl - Timeline service address: pigfarm-node-1.ncsu-las.priv:8188
2019-02-19 19:26:38,946 [main] INFO  org.apache.pig.backend.hadoop.PigATSClient - Created ATS Hook
2019-02-19 19:26:39,136 [main] INFO  org.apache.pig.tools.grunt.GruntParser - Waited 0ms to delete file
2019-02-19 19:26:39,607 [main] INFO  org.apache.pig.impl.util.SpillableMemoryManager - Selected heap (PS Old Gen) of size 699400192 to monitor. collectionUsageThreshold = 489580128, usageThreshold = 489580128
2019-02-19 19:26:39,876 [main] INFO  org.apache.pig.tools.pigstats.ScriptState - Pig features used in the script: HASH_JOIN,GROUP_BY
2019-02-19 19:26:39,904 [main] INFO  org.apache.pig.data.SchemaTupleBackend - Key [pig.schematuple] was not set... will not generate code.
2019-02-19 19:26:39,947 [main] INFO  org.apache.pig.newplan.logical.optimizer.LogicalPlanOptimizer - {RULES_ENABLED=[AddForEach, ColumnMapKeyPrune, ConstantCalculator, GroupByConstParallelSetter, LimitOptimizer, LoadTypeCastInserter, MergeFilter, MergeForEach, PartitionFilterOptimizer, PredicatePushdownOptimizer, PushDownForEachFlatten, PushUpFilter, SplitFilter, StreamTypeCastInserter]}
2019-02-19 19:26:40,010 [main] INFO  org.apache.pig.newplan.logical.rules.ColumnPruneVisitor - Columns pruned for alpha: $1, $2, $3, $4, $5
2019-02-19 19:26:40,014 [main] INFO  org.apache.pig.newplan.logical.rules.ColumnPruneVisitor - Columns pruned for A: $1, $2, $3, $4, $5, $7, $8
2019-02-19 19:26:40,139 [main] INFO  org.apache.pig.backend.hadoop.executionengine.mapReduceLayer.MRCompiler - File concatenation threshold: 100 optimistic? false
2019-02-19 19:26:40,180 [main] INFO  org.apache.pig.backend.hadoop.executionengine.util.CombinerOptimizerUtil - Choosing to move algebraic foreach to combiner
2019-02-19 19:26:40,201 [main] INFO  org.apache.pig.backend.hadoop.executionengine.mapReduceLayer.MRCompiler$LastInputStreamingOptimizer - Rewrite: POPackage->POForEach to POPackage(JoinPackager)
2019-02-19 19:26:40,209 [main] INFO  org.apache.pig.backend.hadoop.executionengine.mapReduceLayer.MultiQueryOptimizer - MR plan size before optimization: 2
2019-02-19 19:26:40,209 [main] INFO  org.apache.pig.backend.hadoop.executionengine.mapReduceLayer.MultiQueryOptimizer - MR plan size after optimization: 2
2019-02-19 19:26:40,289 [main] INFO  org.apache.hadoop.yarn.client.RMProxy - Connecting to ResourceManager at pigfarm-master.ncsu-las.priv/10.0.28.81:8050
2019-02-19 19:26:40,524 [main] INFO  org.apache.hadoop.yarn.client.AHSProxy - Connecting to Application History server at pigfarm-node-1.ncsu-las.priv/10.0.28.195:10200
2019-02-19 19:26:40,559 [main] INFO  org.apache.pig.tools.pigstats.mapreduce.MRScriptState - Pig script settings are added to the job
2019-02-19 19:26:40,564 [main] INFO  org.apache.pig.backend.hadoop.executionengine.mapReduceLayer.JobControlCompiler - mapred.job.reduce.markreset.buffer.percent is not set, set to default 0.3
2019-02-19 19:26:40,566 [main] INFO  org.apache.pig.backend.hadoop.executionengine.mapReduceLayer.JobControlCompiler - Reduce phase detected, estimating # of required reducers.
2019-02-19 19:26:40,567 [main] INFO  org.apache.pig.backend.hadoop.executionengine.mapReduceLayer.JobControlCompiler - Using reducer estimator: org.apache.pig.backend.hadoop.executionengine.mapReduceLayer.InputSizeReducerEstimator
2019-02-19 19:26:40,720 [main] INFO  org.apache.pig.backend.hadoop.executionengine.mapReduceLayer.InputSizeReducerEstimator - BytesPerReducer=1000000000 maxReducers=999 totalInputFileSize=108334450340
2019-02-19 19:26:40,721 [main] INFO  org.apache.pig.backend.hadoop.executionengine.mapReduceLayer.JobControlCompiler - Setting Parallelism to 109
2019-02-19 19:26:40,721 [main] INFO  org.apache.pig.backend.hadoop.executionengine.mapReduceLayer.JobControlCompiler - This job cannot be converted run in-process
2019-02-19 19:26:40,871 [main] INFO  org.apache.pig.backend.hadoop.executionengine.mapReduceLayer.JobControlCompiler - Added jar file:/home/seniorDesign2019/pigmix/pigperf.jar to DistributedCache through /tmp/temp-633971869/tmp-79694590/pigperf.jar
2019-02-19 19:26:40,933 [main] INFO  org.apache.pig.backend.hadoop.executionengine.mapReduceLayer.JobControlCompiler - Added jar file:/usr/hdp/3.1.0.0-78/pig/pig-0.16.0.3.1.0.0-78-core-h2.jar to DistributedCache through /tmp/temp-633971869/tmp-215611804/pig-0.16.0.3.1.0.0-78-core-h2.jar
2019-02-19 19:26:40,949 [main] INFO  org.apache.pig.backend.hadoop.executionengine.mapReduceLayer.JobControlCompiler - Added jar file:/usr/hdp/3.1.0.0-78/pig/lib/automaton-1.11-8.jar to DistributedCache through /tmp/temp-633971869/tmp1657759886/automaton-1.11-8.jar
2019-02-19 19:26:40,962 [main] INFO  org.apache.pig.backend.hadoop.executionengine.mapReduceLayer.JobControlCompiler - Added jar file:/usr/hdp/3.1.0.0-78/pig/lib/antlr-runtime-3.4.jar to DistributedCache through /tmp/temp-633971869/tmp-1747384912/antlr-runtime-3.4.jar
2019-02-19 19:26:40,983 [main] INFO  org.apache.pig.backend.hadoop.executionengine.mapReduceLayer.JobControlCompiler - Added jar file:/usr/hdp/3.1.0.0-78/pig/lib/joda-time-2.9.3.jar to DistributedCache through /tmp/temp-633971869/tmp1118768395/joda-time-2.9.3.jar
2019-02-19 19:26:40,994 [main] INFO  org.apache.pig.backend.hadoop.executionengine.mapReduceLayer.JobControlCompiler - Setting up single store job
2019-02-19 19:26:41,001 [main] INFO  org.apache.pig.data.SchemaTupleFrontend - Key [pig.schematuple] is false, will not generate code.
2019-02-19 19:26:41,001 [main] INFO  org.apache.pig.data.SchemaTupleFrontend - Starting process to move generated code to distributed cacche
2019-02-19 19:26:41,001 [main] INFO  org.apache.pig.data.SchemaTupleFrontend - Setting key [pig.schematuple.classes] with classes to deserialize []
2019-02-19 19:26:41,068 [main] INFO  org.apache.pig.backend.hadoop.executionengine.mapReduceLayer.MapReduceLauncher - 1 map-reduce job(s) waiting for submission.
2019-02-19 19:26:41,074 [JobControl] INFO  org.apache.hadoop.yarn.client.RMProxy - Connecting to ResourceManager at pigfarm-master.ncsu-las.priv/10.0.28.81:8050
2019-02-19 19:26:41,074 [JobControl] INFO  org.apache.hadoop.yarn.client.AHSProxy - Connecting to Application History server at pigfarm-node-1.ncsu-las.priv/10.0.28.195:10200
2019-02-19 19:26:41,257 [JobControl] INFO  org.apache.hadoop.mapreduce.JobResourceUploader - Disabling Erasure Coding for path: /user/agadler/.staging/job_1550601475905_0004
2019-02-19 19:26:41,263 [JobControl] WARN  org.apache.hadoop.mapreduce.JobResourceUploader - No job jar file set.  User classes may not be found. See Job or Job#setJar(String).
2019-02-19 19:26:41,281 [JobControl] INFO  org.apache.pig.test.udf.storefunc.PigPerformanceLoader - Using PigTextInputFormat
2019-02-19 19:26:41,421 [JobControl] INFO  org.apache.hadoop.mapreduce.lib.input.FileInputFormat - Total input files to process : 1400
2019-02-19 19:26:41,421 [JobControl] INFO  org.apache.pig.backend.hadoop.executionengine.util.MapRedUtil - Total input paths to process : 1400
2019-02-19 19:26:41,510 [JobControl] INFO  org.apache.pig.backend.hadoop.executionengine.util.MapRedUtil - Total input paths (combined) to process : 1400
2019-02-19 19:26:41,516 [JobControl] INFO  org.apache.pig.builtin.PigStorage - Using PigTextInputFormat
2019-02-19 19:26:41,609 [JobControl] INFO  org.apache.hadoop.mapreduce.lib.input.FileInputFormat - Total input files to process : 1410
2019-02-19 19:26:41,609 [JobControl] INFO  org.apache.pig.backend.hadoop.executionengine.util.MapRedUtil - Total input paths to process : 1410
2019-02-19 19:26:41,666 [JobControl] INFO  org.apache.pig.backend.hadoop.executionengine.util.MapRedUtil - Total input paths (combined) to process : 1
2019-02-19 19:26:41,882 [JobControl] INFO  org.apache.hadoop.mapreduce.JobSubmitter - number of splits:1401
2019-02-19 19:26:42,023 [JobControl] INFO  org.apache.hadoop.mapreduce.JobSubmitter - Submitting tokens for job: job_1550601475905_0004
2019-02-19 19:26:42,024 [JobControl] INFO  org.apache.hadoop.mapreduce.JobSubmitter - Executing with tokens: []
2019-02-19 19:26:42,143 [JobControl] INFO  org.apache.hadoop.mapred.YARNRunner - Job jar is not present. Not adding any jar to the list of resources.
2019-02-19 19:26:42,208 [JobControl] INFO  org.apache.hadoop.conf.Configuration - found resource resource-types.xml at file:/etc/hadoop/3.1.0.0-78/0/resource-types.xml
2019-02-19 19:26:42,468 [JobControl] INFO  org.apache.hadoop.yarn.client.api.impl.YarnClientImpl - Submitted application application_1550601475905_0004
2019-02-19 19:26:42,495 [JobControl] INFO  org.apache.hadoop.mapreduce.Job - The url to track the job: http://pigfarm-master.ncsu-las.priv:8088/proxy/application_1550601475905_0004/
2019-02-19 19:26:42,495 [main] INFO  org.apache.pig.backend.hadoop.executionengine.mapReduceLayer.MapReduceLauncher - HadoopJobId: job_1550601475905_0004
2019-02-19 19:26:42,495 [main] INFO  org.apache.pig.backend.hadoop.executionengine.mapReduceLayer.MapReduceLauncher - Processing aliases A,B,C,alpha,beta
2019-02-19 19:26:42,495 [main] INFO  org.apache.pig.backend.hadoop.executionengine.mapReduceLayer.MapReduceLauncher - detailed locations: M: A[10,4],B[-1,-1],C[17,4],alpha[14,8],beta[-1,-1],C[17,4] C:  R: 
2019-02-19 19:26:42,499 [main] INFO  org.apache.pig.backend.hadoop.executionengine.mapReduceLayer.MapReduceLauncher - 0% complete
2019-02-19 19:26:42,499 [main] INFO  org.apache.pig.backend.hadoop.executionengine.mapReduceLayer.MapReduceLauncher - Running jobs are [job_1550601475905_0004]
2019-02-19 19:29:02,983 [main] INFO  org.apache.pig.backend.hadoop.executionengine.mapReduceLayer.MapReduceLauncher - 4% complete
2019-02-19 19:29:02,984 [main] INFO  org.apache.pig.backend.hadoop.executionengine.mapReduceLayer.MapReduceLauncher - Running jobs are [job_1550601475905_0004]
2019-02-19 19:31:27,804 [main] INFO  org.apache.pig.backend.hadoop.executionengine.mapReduceLayer.MapReduceLauncher - 8% complete
2019-02-19 19:31:27,804 [main] INFO  org.apache.pig.backend.hadoop.executionengine.mapReduceLayer.MapReduceLauncher - Running jobs are [job_1550601475905_0004]
2019-02-19 19:34:30,170 [main] INFO  org.apache.pig.backend.hadoop.executionengine.mapReduceLayer.MapReduceLauncher - 12% complete
2019-02-19 19:34:30,171 [main] INFO  org.apache.pig.backend.hadoop.executionengine.mapReduceLayer.MapReduceLauncher - Running jobs are [job_1550601475905_0004]
2019-02-19 19:38:10,544 [main] INFO  org.apache.pig.backend.hadoop.executionengine.mapReduceLayer.MapReduceLauncher - 16% complete
2019-02-19 19:38:10,544 [main] INFO  org.apache.pig.backend.hadoop.executionengine.mapReduceLayer.MapReduceLauncher - Running jobs are [job_1550601475905_0004]
2019-02-19 19:41:52,915 [main] INFO  org.apache.pig.backend.hadoop.executionengine.mapReduceLayer.MapReduceLauncher - 20% complete
2019-02-19 19:41:52,915 [main] INFO  org.apache.pig.backend.hadoop.executionengine.mapReduceLayer.MapReduceLauncher - Running jobs are [job_1550601475905_0004]
2019-02-19 19:45:40,852 [main] INFO  org.apache.pig.backend.hadoop.executionengine.mapReduceLayer.MapReduceLauncher - 24% complete
2019-02-19 19:45:40,853 [main] INFO  org.apache.pig.backend.hadoop.executionengine.mapReduceLayer.MapReduceLauncher - Running jobs are [job_1550601475905_0004]
2019-02-19 19:47:06,031 [main] INFO  org.apache.pig.backend.hadoop.executionengine.mapReduceLayer.MapReduceLauncher - 28% complete
2019-02-19 19:47:06,031 [main] INFO  org.apache.pig.backend.hadoop.executionengine.mapReduceLayer.MapReduceLauncher - Running jobs are [job_1550601475905_0004]
2019-02-19 19:47:21,041 [main] INFO  org.apache.pig.backend.hadoop.executionengine.mapReduceLayer.MapReduceLauncher - 33% complete
2019-02-19 19:47:21,041 [main] INFO  org.apache.pig.backend.hadoop.executionengine.mapReduceLayer.MapReduceLauncher - Running jobs are [job_1550601475905_0004]
2019-02-19 19:47:33,554 [main] INFO  org.apache.pig.backend.hadoop.executionengine.mapReduceLayer.MapReduceLauncher - 37% complete
2019-02-19 19:47:33,554 [main] INFO  org.apache.pig.backend.hadoop.executionengine.mapReduceLayer.MapReduceLauncher - Running jobs are [job_1550601475905_0004]
2019-02-19 19:47:48,565 [main] INFO  org.apache.pig.backend.hadoop.executionengine.mapReduceLayer.MapReduceLauncher - 42% complete
2019-02-19 19:47:48,565 [main] INFO  org.apache.pig.backend.hadoop.executionengine.mapReduceLayer.MapReduceLauncher - Running jobs are [job_1550601475905_0004]
2019-02-19 19:48:03,580 [main] INFO  org.apache.pig.backend.hadoop.executionengine.mapReduceLayer.MapReduceLauncher - 46% complete
2019-02-19 19:48:03,581 [main] INFO  org.apache.pig.backend.hadoop.executionengine.mapReduceLayer.MapReduceLauncher - Running jobs are [job_1550601475905_0004]
2019-02-19 19:48:19,095 [main] INFO  org.apache.hadoop.yarn.client.RMProxy - Connecting to ResourceManager at pigfarm-master.ncsu-las.priv/10.0.28.81:8050
2019-02-19 19:48:19,095 [main] INFO  org.apache.hadoop.yarn.client.AHSProxy - Connecting to Application History server at pigfarm-node-1.ncsu-las.priv/10.0.28.195:10200
2019-02-19 19:48:19,100 [main] INFO  org.apache.hadoop.mapred.ClientServiceDelegate - Application state is completed. FinalApplicationStatus=SUCCEEDED. Redirecting to job history server
2019-02-19 19:48:19,611 [main] INFO  org.apache.hadoop.yarn.client.RMProxy - Connecting to ResourceManager at pigfarm-master.ncsu-las.priv/10.0.28.81:8050
2019-02-19 19:48:19,612 [main] INFO  org.apache.hadoop.yarn.client.AHSProxy - Connecting to Application History server at pigfarm-node-1.ncsu-las.priv/10.0.28.195:10200
2019-02-19 19:48:19,615 [main] INFO  org.apache.hadoop.mapred.ClientServiceDelegate - Application state is completed. FinalApplicationStatus=SUCCEEDED. Redirecting to job history server
2019-02-19 19:48:19,813 [main] INFO  org.apache.hadoop.yarn.client.RMProxy - Connecting to ResourceManager at pigfarm-master.ncsu-las.priv/10.0.28.81:8050
2019-02-19 19:48:19,813 [main] INFO  org.apache.hadoop.yarn.client.AHSProxy - Connecting to Application History server at pigfarm-node-1.ncsu-las.priv/10.0.28.195:10200
2019-02-19 19:48:19,816 [main] INFO  org.apache.hadoop.mapred.ClientServiceDelegate - Application state is completed. FinalApplicationStatus=SUCCEEDED. Redirecting to job history server
2019-02-19 19:48:19,840 [main] INFO  org.apache.pig.tools.pigstats.mapreduce.MRScriptState - Pig script settings are added to the job
2019-02-19 19:48:19,841 [main] INFO  org.apache.pig.backend.hadoop.executionengine.mapReduceLayer.JobControlCompiler - mapred.job.reduce.markreset.buffer.percent is not set, set to default 0.3
2019-02-19 19:48:19,841 [main] INFO  org.apache.pig.backend.hadoop.executionengine.mapReduceLayer.JobControlCompiler - Reduce phase detected, estimating # of required reducers.
2019-02-19 19:48:19,841 [main] INFO  org.apache.pig.backend.hadoop.executionengine.mapReduceLayer.JobControlCompiler - Using reducer estimator: org.apache.pig.backend.hadoop.executionengine.mapReduceLayer.InputSizeReducerEstimator
2019-02-19 19:48:19,845 [main] INFO  org.apache.pig.backend.hadoop.executionengine.mapReduceLayer.InputSizeReducerEstimator - BytesPerReducer=1000000000 maxReducers=999 totalInputFileSize=679323111
2019-02-19 19:48:19,845 [main] INFO  org.apache.pig.backend.hadoop.executionengine.mapReduceLayer.JobControlCompiler - Setting Parallelism to 1
2019-02-19 19:48:19,845 [main] INFO  org.apache.pig.backend.hadoop.executionengine.mapReduceLayer.JobControlCompiler - This job cannot be converted run in-process
2019-02-19 19:48:19,873 [main] INFO  org.apache.pig.backend.hadoop.executionengine.mapReduceLayer.JobControlCompiler - Added jar file:/home/seniorDesign2019/pigmix/pigperf.jar to DistributedCache through /tmp/temp-633971869/tmp-1262301771/pigperf.jar
2019-02-19 19:48:20,301 [main] INFO  org.apache.pig.backend.hadoop.executionengine.mapReduceLayer.JobControlCompiler - Added jar file:/usr/hdp/3.1.0.0-78/pig/pig-0.16.0.3.1.0.0-78-core-h2.jar to DistributedCache through /tmp/temp-633971869/tmp225994095/pig-0.16.0.3.1.0.0-78-core-h2.jar
2019-02-19 19:48:20,314 [main] INFO  org.apache.pig.backend.hadoop.executionengine.mapReduceLayer.JobControlCompiler - Added jar file:/usr/hdp/3.1.0.0-78/pig/lib/automaton-1.11-8.jar to DistributedCache through /tmp/temp-633971869/tmp-2018077160/automaton-1.11-8.jar
2019-02-19 19:48:20,329 [main] INFO  org.apache.pig.backend.hadoop.executionengine.mapReduceLayer.JobControlCompiler - Added jar file:/usr/hdp/3.1.0.0-78/pig/lib/antlr-runtime-3.4.jar to DistributedCache through /tmp/temp-633971869/tmp-1457191118/antlr-runtime-3.4.jar
2019-02-19 19:48:20,351 [main] INFO  org.apache.pig.backend.hadoop.executionengine.mapReduceLayer.JobControlCompiler - Added jar file:/usr/hdp/3.1.0.0-78/pig/lib/joda-time-2.9.3.jar to DistributedCache through /tmp/temp-633971869/tmp-1204288884/joda-time-2.9.3.jar
2019-02-19 19:48:20,353 [main] INFO  org.apache.pig.backend.hadoop.executionengine.mapReduceLayer.JobControlCompiler - Setting up single store job
2019-02-19 19:48:20,354 [main] INFO  org.apache.pig.data.SchemaTupleFrontend - Key [pig.schematuple] is false, will not generate code.
2019-02-19 19:48:20,354 [main] INFO  org.apache.pig.data.SchemaTupleFrontend - Starting process to move generated code to distributed cacche
2019-02-19 19:48:20,354 [main] INFO  org.apache.pig.data.SchemaTupleFrontend - Setting key [pig.schematuple.classes] with classes to deserialize []
2019-02-19 19:48:20,381 [main] INFO  org.apache.pig.backend.hadoop.executionengine.mapReduceLayer.MapReduceLauncher - 1 map-reduce job(s) waiting for submission.
2019-02-19 19:48:20,384 [JobControl] INFO  org.apache.hadoop.yarn.client.RMProxy - Connecting to ResourceManager at pigfarm-master.ncsu-las.priv/10.0.28.81:8050
2019-02-19 19:48:20,385 [JobControl] INFO  org.apache.hadoop.yarn.client.AHSProxy - Connecting to Application History server at pigfarm-node-1.ncsu-las.priv/10.0.28.195:10200
2019-02-19 19:48:20,396 [JobControl] INFO  org.apache.hadoop.mapreduce.JobResourceUploader - Disabling Erasure Coding for path: /user/agadler/.staging/job_1550601475905_0005
2019-02-19 19:48:20,398 [JobControl] WARN  org.apache.hadoop.mapreduce.JobResourceUploader - No job jar file set.  User classes may not be found. See Job or Job#setJar(String).
2019-02-19 19:48:20,423 [JobControl] INFO  org.apache.hadoop.mapreduce.lib.input.FileInputFormat - Total input files to process : 109
2019-02-19 19:48:20,423 [JobControl] INFO  org.apache.pig.backend.hadoop.executionengine.util.MapRedUtil - Total input paths to process : 109
2019-02-19 19:48:20,424 [JobControl] INFO  org.apache.pig.backend.hadoop.executionengine.util.MapRedUtil - Total input paths (combined) to process : 6
2019-02-19 19:48:20,461 [JobControl] INFO  org.apache.hadoop.mapreduce.JobSubmitter - number of splits:6
2019-02-19 19:48:20,492 [JobControl] INFO  org.apache.hadoop.mapreduce.JobSubmitter - Submitting tokens for job: job_1550601475905_0005
2019-02-19 19:48:20,492 [JobControl] INFO  org.apache.hadoop.mapreduce.JobSubmitter - Executing with tokens: []
2019-02-19 19:48:20,494 [JobControl] INFO  org.apache.hadoop.mapred.YARNRunner - Job jar is not present. Not adding any jar to the list of resources.
2019-02-19 19:48:20,713 [JobControl] INFO  org.apache.hadoop.yarn.client.api.impl.YarnClientImpl - Submitted application application_1550601475905_0005
2019-02-19 19:48:20,714 [JobControl] INFO  org.apache.hadoop.mapreduce.Job - The url to track the job: http://pigfarm-master.ncsu-las.priv:8088/proxy/application_1550601475905_0005/
2019-02-19 19:48:20,882 [main] INFO  org.apache.pig.backend.hadoop.executionengine.mapReduceLayer.MapReduceLauncher - HadoopJobId: job_1550601475905_0005
2019-02-19 19:48:20,882 [main] INFO  org.apache.pig.backend.hadoop.executionengine.mapReduceLayer.MapReduceLauncher - Processing aliases D,E
2019-02-19 19:48:20,882 [main] INFO  org.apache.pig.backend.hadoop.executionengine.mapReduceLayer.MapReduceLauncher - detailed locations: M: E[19,4],D[18,4] C: E[19,4],D[18,4] R: E[19,4]
2019-02-19 19:48:37,928 [main] INFO  org.apache.pig.backend.hadoop.executionengine.mapReduceLayer.MapReduceLauncher - 64% complete
2019-02-19 19:48:37,928 [main] INFO  org.apache.pig.backend.hadoop.executionengine.mapReduceLayer.MapReduceLauncher - Running jobs are [job_1550601475905_0005]
2019-02-19 19:48:39,930 [main] INFO  org.apache.pig.backend.hadoop.executionengine.mapReduceLayer.MapReduceLauncher - 72% complete
2019-02-19 19:48:39,930 [main] INFO  org.apache.pig.backend.hadoop.executionengine.mapReduceLayer.MapReduceLauncher - Running jobs are [job_1550601475905_0005]
2019-02-19 19:48:42,932 [main] INFO  org.apache.pig.backend.hadoop.executionengine.mapReduceLayer.MapReduceLauncher - Running jobs are [job_1550601475905_0005]
2019-02-19 19:48:45,937 [main] INFO  org.apache.hadoop.yarn.client.RMProxy - Connecting to ResourceManager at pigfarm-master.ncsu-las.priv/10.0.28.81:8050
2019-02-19 19:48:45,938 [main] INFO  org.apache.hadoop.yarn.client.AHSProxy - Connecting to Application History server at pigfarm-node-1.ncsu-las.priv/10.0.28.195:10200
2019-02-19 19:48:45,939 [main] INFO  org.apache.hadoop.mapred.ClientServiceDelegate - Application state is completed. FinalApplicationStatus=SUCCEEDED. Redirecting to job history server
2019-02-19 19:48:45,967 [main] INFO  org.apache.hadoop.yarn.client.RMProxy - Connecting to ResourceManager at pigfarm-master.ncsu-las.priv/10.0.28.81:8050
2019-02-19 19:48:45,967 [main] INFO  org.apache.hadoop.yarn.client.AHSProxy - Connecting to Application History server at pigfarm-node-1.ncsu-las.priv/10.0.28.195:10200
2019-02-19 19:48:45,968 [main] INFO  org.apache.hadoop.mapred.ClientServiceDelegate - Application state is completed. FinalApplicationStatus=SUCCEEDED. Redirecting to job history server
2019-02-19 19:48:45,981 [main] INFO  org.apache.hadoop.yarn.client.RMProxy - Connecting to ResourceManager at pigfarm-master.ncsu-las.priv/10.0.28.81:8050
2019-02-19 19:48:45,981 [main] INFO  org.apache.hadoop.yarn.client.AHSProxy - Connecting to Application History server at pigfarm-node-1.ncsu-las.priv/10.0.28.195:10200
2019-02-19 19:48:45,984 [main] INFO  org.apache.hadoop.mapred.ClientServiceDelegate - Application state is completed. FinalApplicationStatus=SUCCEEDED. Redirecting to job history server
2019-02-19 19:48:45,997 [main] INFO  org.apache.pig.backend.hadoop.executionengine.mapReduceLayer.MapReduceLauncher - 100% complete
2019-02-19 19:48:46,000 [main] INFO  org.apache.pig.tools.pigstats.mapreduce.SimplePigStats - Script Statistics: 

HadoopVersion	PigVersion	UserId	StartedAt	FinishedAt	Features
3.1.1.3.1.0.0-78	0.16.0.3.1.0.0-78	agadler	2019-02-19 19:26:40	2019-02-19 19:48:45	HASH_JOIN,GROUP_BY

Success!

Job Stats (time in seconds):
JobId	Maps	Reduces	MaxMapTime	MinMapTime	AvgMapTime	MedianMapTime	MaxReduceTime	MinReduceTime	AvgReduceTime	MedianReducetime	Alias	Feature	Outputs
job_1550601475905_0004	1401	109	11	3	7	7	1129	3	50	6	A,B,C,alpha,beta	HASH_JOIN	
job_1550601475905_0005	6	1	12	8	10	10	3	3	3	3	D,E	GROUP_BY,COMBINER	/output/L3out,

Input(s):
Successfully read 67000000 records from: "/data/pigmix/pigmix_page_views"
Successfully read 160001 records from: "/data/pigmix/pigmix_users"

Output(s):
Successfully stored 31990 records (1324630 bytes) in: "/output/L3out"

Counters:
Total records written : 31990
Total bytes written : 1324630
Spillable Memory Manager spill count : 0
Total bags proactively spilled: 0
Total records proactively spilled: 0

Job DAG:
job_1550601475905_0004	->	job_1550601475905_0005,
job_1550601475905_0005


2019-02-19 19:48:46,002 [main] INFO  org.apache.hadoop.yarn.client.RMProxy - Connecting to ResourceManager at pigfarm-master.ncsu-las.priv/10.0.28.81:8050
2019-02-19 19:48:46,002 [main] INFO  org.apache.hadoop.yarn.client.AHSProxy - Connecting to Application History server at pigfarm-node-1.ncsu-las.priv/10.0.28.195:10200
2019-02-19 19:48:46,004 [main] INFO  org.apache.hadoop.mapred.ClientServiceDelegate - Application state is completed. FinalApplicationStatus=SUCCEEDED. Redirecting to job history server
2019-02-19 19:48:46,251 [main] INFO  org.apache.hadoop.yarn.client.RMProxy - Connecting to ResourceManager at pigfarm-master.ncsu-las.priv/10.0.28.81:8050
2019-02-19 19:48:46,252 [main] INFO  org.apache.hadoop.yarn.client.AHSProxy - Connecting to Application History server at pigfarm-node-1.ncsu-las.priv/10.0.28.195:10200
2019-02-19 19:48:46,254 [main] INFO  org.apache.hadoop.mapred.ClientServiceDelegate - Application state is completed. FinalApplicationStatus=SUCCEEDED. Redirecting to job history server
2019-02-19 19:48:46,292 [main] INFO  org.apache.hadoop.yarn.client.RMProxy - Connecting to ResourceManager at pigfarm-master.ncsu-las.priv/10.0.28.81:8050
2019-02-19 19:48:46,292 [main] INFO  org.apache.hadoop.yarn.client.AHSProxy - Connecting to Application History server at pigfarm-node-1.ncsu-las.priv/10.0.28.195:10200
2019-02-19 19:48:46,295 [main] INFO  org.apache.hadoop.mapred.ClientServiceDelegate - Application state is completed. FinalApplicationStatus=SUCCEEDED. Redirecting to job history server
2019-02-19 19:48:46,315 [main] INFO  org.apache.hadoop.yarn.client.RMProxy - Connecting to ResourceManager at pigfarm-master.ncsu-las.priv/10.0.28.81:8050
2019-02-19 19:48:46,316 [main] INFO  org.apache.hadoop.yarn.client.AHSProxy - Connecting to Application History server at pigfarm-node-1.ncsu-las.priv/10.0.28.195:10200
2019-02-19 19:48:46,317 [main] INFO  org.apache.hadoop.mapred.ClientServiceDelegate - Application state is completed. FinalApplicationStatus=SUCCEEDED. Redirecting to job history server
2019-02-19 19:48:46,334 [main] INFO  org.apache.hadoop.yarn.client.RMProxy - Connecting to ResourceManager at pigfarm-master.ncsu-las.priv/10.0.28.81:8050
2019-02-19 19:48:46,334 [main] INFO  org.apache.hadoop.yarn.client.AHSProxy - Connecting to Application History server at pigfarm-node-1.ncsu-las.priv/10.0.28.195:10200
2019-02-19 19:48:46,336 [main] INFO  org.apache.hadoop.mapred.ClientServiceDelegate - Application state is completed. FinalApplicationStatus=SUCCEEDED. Redirecting to job history server
2019-02-19 19:48:46,352 [main] INFO  org.apache.hadoop.yarn.client.RMProxy - Connecting to ResourceManager at pigfarm-master.ncsu-las.priv/10.0.28.81:8050
2019-02-19 19:48:46,352 [main] INFO  org.apache.hadoop.yarn.client.AHSProxy - Connecting to Application History server at pigfarm-node-1.ncsu-las.priv/10.0.28.195:10200
2019-02-19 19:48:46,354 [main] INFO  org.apache.hadoop.mapred.ClientServiceDelegate - Application state is completed. FinalApplicationStatus=SUCCEEDED. Redirecting to job history server
2019-02-19 19:48:46,368 [main] INFO  org.apache.pig.backend.hadoop.executionengine.mapReduceLayer.MapReduceLauncher - Success!
2019-02-19 19:48:46,394 [main] INFO  org.apache.pig.Main - Pig script completed in 22 minutes, 9 seconds and 63 milliseconds (1329063 ms)
