WARNING: HADOOP_PREFIX has been replaced by HADOOP_HOME. Using value of HADOOP_PREFIX.
19/02/19 20:09:05 INFO pig.ExecTypeProvider: Trying ExecType : LOCAL
19/02/19 20:09:05 INFO pig.ExecTypeProvider: Trying ExecType : MAPREDUCE
19/02/19 20:09:05 INFO pig.ExecTypeProvider: Picked MAPREDUCE as the ExecType
2019-02-19 20:09:05,877 [main] INFO  org.apache.pig.Main - Apache Pig version 0.16.0.3.1.0.0-78 (rUnversioned directory) compiled Dec 06 2018, 12:29:08
2019-02-19 20:09:05,877 [main] INFO  org.apache.pig.Main - Logging error messages to: /home/seniorDesign2019/pigmix/scripts/pig_1550606945875.log
2019-02-19 20:09:06,256 [main] INFO  org.apache.pig.impl.util.Utils - Default bootup file /home/agadler/.pigbootup not found
2019-02-19 20:09:06,325 [main] INFO  org.apache.pig.backend.hadoop.executionengine.HExecutionEngine - Connecting to hadoop file system at: hdfs://pigfarm-master.ncsu-las.priv:8020
2019-02-19 20:09:06,716 [main] INFO  org.apache.pig.PigServer - Pig Script ID for the session: PIG-L6.pig-b9915ffc-296e-4b40-aa84-30a03a8d4e92
2019-02-19 20:09:06,877 [main] INFO  org.apache.hadoop.yarn.client.api.impl.TimelineClientImpl - Timeline service address: pigfarm-node-1.ncsu-las.priv:8188
2019-02-19 20:09:07,184 [main] INFO  org.apache.pig.backend.hadoop.PigATSClient - Created ATS Hook
2019-02-19 20:09:07,313 [main] INFO  org.apache.pig.tools.grunt.GruntParser - Waited 0ms to delete file
2019-02-19 20:09:07,731 [main] INFO  org.apache.pig.impl.util.SpillableMemoryManager - Selected heap (PS Old Gen) of size 699400192 to monitor. collectionUsageThreshold = 489580128, usageThreshold = 489580128
2019-02-19 20:09:07,887 [main] INFO  org.apache.pig.tools.pigstats.ScriptState - Pig features used in the script: GROUP_BY
2019-02-19 20:09:07,906 [main] INFO  org.apache.pig.data.SchemaTupleBackend - Key [pig.schematuple] was not set... will not generate code.
2019-02-19 20:09:07,936 [main] INFO  org.apache.pig.newplan.logical.optimizer.LogicalPlanOptimizer - {RULES_ENABLED=[AddForEach, ColumnMapKeyPrune, ConstantCalculator, GroupByConstParallelSetter, LimitOptimizer, LoadTypeCastInserter, MergeFilter, MergeForEach, PartitionFilterOptimizer, PredicatePushdownOptimizer, PushDownForEachFlatten, PushUpFilter, SplitFilter, StreamTypeCastInserter]}
2019-02-19 20:09:07,962 [main] INFO  org.apache.pig.newplan.logical.rules.ColumnPruneVisitor - Columns pruned for A: $6, $7, $8
2019-02-19 20:09:08,062 [main] INFO  org.apache.pig.backend.hadoop.executionengine.mapReduceLayer.MRCompiler - File concatenation threshold: 100 optimistic? false
2019-02-19 20:09:08,075 [main] INFO  org.apache.pig.backend.hadoop.executionengine.util.CombinerOptimizerUtil - Choosing to move algebraic foreach to combiner
2019-02-19 20:09:08,096 [main] INFO  org.apache.pig.backend.hadoop.executionengine.mapReduceLayer.MultiQueryOptimizer - MR plan size before optimization: 1
2019-02-19 20:09:08,096 [main] INFO  org.apache.pig.backend.hadoop.executionengine.mapReduceLayer.MultiQueryOptimizer - MR plan size after optimization: 1
2019-02-19 20:09:08,144 [main] INFO  org.apache.hadoop.yarn.client.RMProxy - Connecting to ResourceManager at pigfarm-master.ncsu-las.priv/10.0.28.81:8050
2019-02-19 20:09:08,313 [main] INFO  org.apache.hadoop.yarn.client.AHSProxy - Connecting to Application History server at pigfarm-node-1.ncsu-las.priv/10.0.28.195:10200
2019-02-19 20:09:08,340 [main] INFO  org.apache.pig.tools.pigstats.mapreduce.MRScriptState - Pig script settings are added to the job
2019-02-19 20:09:08,343 [main] INFO  org.apache.pig.backend.hadoop.executionengine.mapReduceLayer.JobControlCompiler - mapred.job.reduce.markreset.buffer.percent is not set, set to default 0.3
2019-02-19 20:09:08,345 [main] INFO  org.apache.pig.backend.hadoop.executionengine.mapReduceLayer.JobControlCompiler - Reduce phase detected, estimating # of required reducers.
2019-02-19 20:09:08,346 [main] INFO  org.apache.pig.backend.hadoop.executionengine.mapReduceLayer.JobControlCompiler - Using reducer estimator: org.apache.pig.backend.hadoop.executionengine.mapReduceLayer.InputSizeReducerEstimator
2019-02-19 20:09:08,439 [main] INFO  org.apache.pig.backend.hadoop.executionengine.mapReduceLayer.InputSizeReducerEstimator - BytesPerReducer=1000000000 maxReducers=999 totalInputFileSize=108325118107
2019-02-19 20:09:08,440 [main] INFO  org.apache.pig.backend.hadoop.executionengine.mapReduceLayer.JobControlCompiler - Setting Parallelism to 109
2019-02-19 20:09:08,440 [main] INFO  org.apache.pig.backend.hadoop.executionengine.mapReduceLayer.JobControlCompiler - This job cannot be converted run in-process
2019-02-19 20:09:08,587 [main] INFO  org.apache.pig.backend.hadoop.executionengine.mapReduceLayer.JobControlCompiler - Added jar file:/home/seniorDesign2019/pigmix/pigperf.jar to DistributedCache through /tmp/temp-2104802116/tmp1725820746/pigperf.jar
2019-02-19 20:09:08,623 [main] INFO  org.apache.pig.backend.hadoop.executionengine.mapReduceLayer.JobControlCompiler - Added jar file:/usr/hdp/3.1.0.0-78/pig/pig-0.16.0.3.1.0.0-78-core-h2.jar to DistributedCache through /tmp/temp-2104802116/tmp1071052983/pig-0.16.0.3.1.0.0-78-core-h2.jar
2019-02-19 20:09:08,638 [main] INFO  org.apache.pig.backend.hadoop.executionengine.mapReduceLayer.JobControlCompiler - Added jar file:/usr/hdp/3.1.0.0-78/pig/lib/automaton-1.11-8.jar to DistributedCache through /tmp/temp-2104802116/tmp968005149/automaton-1.11-8.jar
2019-02-19 20:09:08,657 [main] INFO  org.apache.pig.backend.hadoop.executionengine.mapReduceLayer.JobControlCompiler - Added jar file:/usr/hdp/3.1.0.0-78/pig/lib/antlr-runtime-3.4.jar to DistributedCache through /tmp/temp-2104802116/tmp-1454875059/antlr-runtime-3.4.jar
2019-02-19 20:09:08,675 [main] INFO  org.apache.pig.backend.hadoop.executionengine.mapReduceLayer.JobControlCompiler - Added jar file:/usr/hdp/3.1.0.0-78/pig/lib/joda-time-2.9.3.jar to DistributedCache through /tmp/temp-2104802116/tmp417769611/joda-time-2.9.3.jar
2019-02-19 20:09:08,685 [main] INFO  org.apache.pig.backend.hadoop.executionengine.mapReduceLayer.JobControlCompiler - Setting up single store job
2019-02-19 20:09:08,691 [main] INFO  org.apache.pig.data.SchemaTupleFrontend - Key [pig.schematuple] is false, will not generate code.
2019-02-19 20:09:08,691 [main] INFO  org.apache.pig.data.SchemaTupleFrontend - Starting process to move generated code to distributed cacche
2019-02-19 20:09:08,692 [main] INFO  org.apache.pig.data.SchemaTupleFrontend - Setting key [pig.schematuple.classes] with classes to deserialize []
2019-02-19 20:09:08,782 [main] INFO  org.apache.pig.backend.hadoop.executionengine.mapReduceLayer.MapReduceLauncher - 1 map-reduce job(s) waiting for submission.
2019-02-19 20:09:08,789 [JobControl] INFO  org.apache.hadoop.yarn.client.RMProxy - Connecting to ResourceManager at pigfarm-master.ncsu-las.priv/10.0.28.81:8050
2019-02-19 20:09:08,790 [JobControl] INFO  org.apache.hadoop.yarn.client.AHSProxy - Connecting to Application History server at pigfarm-node-1.ncsu-las.priv/10.0.28.195:10200
2019-02-19 20:09:08,973 [JobControl] INFO  org.apache.hadoop.mapreduce.JobResourceUploader - Disabling Erasure Coding for path: /user/agadler/.staging/job_1550601475905_0007
2019-02-19 20:09:08,981 [JobControl] WARN  org.apache.hadoop.mapreduce.JobResourceUploader - No job jar file set.  User classes may not be found. See Job or Job#setJar(String).
2019-02-19 20:09:08,999 [JobControl] INFO  org.apache.pig.test.udf.storefunc.PigPerformanceLoader - Using PigTextInputFormat
2019-02-19 20:09:09,152 [JobControl] INFO  org.apache.hadoop.mapreduce.lib.input.FileInputFormat - Total input files to process : 1400
2019-02-19 20:09:09,152 [JobControl] INFO  org.apache.pig.backend.hadoop.executionengine.util.MapRedUtil - Total input paths to process : 1400
2019-02-19 20:09:09,235 [JobControl] INFO  org.apache.pig.backend.hadoop.executionengine.util.MapRedUtil - Total input paths (combined) to process : 1400
2019-02-19 20:09:09,370 [JobControl] INFO  org.apache.hadoop.mapreduce.JobSubmitter - number of splits:1400
2019-02-19 20:09:09,511 [JobControl] INFO  org.apache.hadoop.mapreduce.JobSubmitter - Submitting tokens for job: job_1550601475905_0007
2019-02-19 20:09:09,513 [JobControl] INFO  org.apache.hadoop.mapreduce.JobSubmitter - Executing with tokens: []
2019-02-19 20:09:09,620 [JobControl] INFO  org.apache.hadoop.mapred.YARNRunner - Job jar is not present. Not adding any jar to the list of resources.
2019-02-19 20:09:09,668 [JobControl] INFO  org.apache.hadoop.conf.Configuration - found resource resource-types.xml at file:/etc/hadoop/3.1.0.0-78/0/resource-types.xml
2019-02-19 20:09:09,739 [JobControl] INFO  org.apache.hadoop.yarn.client.api.impl.YarnClientImpl - Submitted application application_1550601475905_0007
2019-02-19 20:09:09,768 [JobControl] INFO  org.apache.hadoop.mapreduce.Job - The url to track the job: http://pigfarm-master.ncsu-las.priv:8088/proxy/application_1550601475905_0007/
2019-02-19 20:09:09,769 [main] INFO  org.apache.pig.backend.hadoop.executionengine.mapReduceLayer.MapReduceLauncher - HadoopJobId: job_1550601475905_0007
2019-02-19 20:09:09,769 [main] INFO  org.apache.pig.backend.hadoop.executionengine.mapReduceLayer.MapReduceLauncher - Processing aliases A,B,C,D
2019-02-19 20:09:09,769 [main] INFO  org.apache.pig.backend.hadoop.executionengine.mapReduceLayer.MapReduceLauncher - detailed locations: M: A[9,4],B[-1,-1],D[14,4],C[13,4] C: D[14,4],C[13,4] R: D[14,4]
2019-02-19 20:09:09,773 [main] INFO  org.apache.pig.backend.hadoop.executionengine.mapReduceLayer.MapReduceLauncher - 0% complete
2019-02-19 20:09:09,773 [main] INFO  org.apache.pig.backend.hadoop.executionengine.mapReduceLayer.MapReduceLauncher - Running jobs are [job_1550601475905_0007]
2019-02-19 20:10:49,060 [main] INFO  org.apache.pig.backend.hadoop.executionengine.mapReduceLayer.MapReduceLauncher - 4% complete
2019-02-19 20:10:49,060 [main] INFO  org.apache.pig.backend.hadoop.executionengine.mapReduceLayer.MapReduceLauncher - Running jobs are [job_1550601475905_0007]
2019-02-19 20:12:22,332 [main] INFO  org.apache.pig.backend.hadoop.executionengine.mapReduceLayer.MapReduceLauncher - 8% complete
2019-02-19 20:12:22,333 [main] INFO  org.apache.pig.backend.hadoop.executionengine.mapReduceLayer.MapReduceLauncher - Running jobs are [job_1550601475905_0007]
2019-02-19 20:14:00,111 [main] INFO  org.apache.pig.backend.hadoop.executionengine.mapReduceLayer.MapReduceLauncher - 12% complete
2019-02-19 20:14:00,111 [main] INFO  org.apache.pig.backend.hadoop.executionengine.mapReduceLayer.MapReduceLauncher - Running jobs are [job_1550601475905_0007]
2019-02-19 20:15:44,882 [main] INFO  org.apache.pig.backend.hadoop.executionengine.mapReduceLayer.MapReduceLauncher - 16% complete
2019-02-19 20:15:44,882 [main] INFO  org.apache.pig.backend.hadoop.executionengine.mapReduceLayer.MapReduceLauncher - Running jobs are [job_1550601475905_0007]
2019-02-19 20:17:45,635 [main] INFO  org.apache.pig.backend.hadoop.executionengine.mapReduceLayer.MapReduceLauncher - 20% complete
2019-02-19 20:17:45,635 [main] INFO  org.apache.pig.backend.hadoop.executionengine.mapReduceLayer.MapReduceLauncher - Running jobs are [job_1550601475905_0007]
2019-02-19 20:19:58,041 [main] INFO  org.apache.pig.backend.hadoop.executionengine.mapReduceLayer.MapReduceLauncher - 24% complete
2019-02-19 20:19:58,041 [main] INFO  org.apache.pig.backend.hadoop.executionengine.mapReduceLayer.MapReduceLauncher - Running jobs are [job_1550601475905_0007]
2019-02-19 20:22:25,419 [main] INFO  org.apache.pig.backend.hadoop.executionengine.mapReduceLayer.MapReduceLauncher - 28% complete
2019-02-19 20:22:25,419 [main] INFO  org.apache.pig.backend.hadoop.executionengine.mapReduceLayer.MapReduceLauncher - Running jobs are [job_1550601475905_0007]
2019-02-19 20:24:53,309 [main] INFO  org.apache.pig.backend.hadoop.executionengine.mapReduceLayer.MapReduceLauncher - 32% complete
2019-02-19 20:24:53,310 [main] INFO  org.apache.pig.backend.hadoop.executionengine.mapReduceLayer.MapReduceLauncher - Running jobs are [job_1550601475905_0007]
2019-02-19 20:27:18,654 [main] INFO  org.apache.pig.backend.hadoop.executionengine.mapReduceLayer.MapReduceLauncher - 36% complete
2019-02-19 20:27:18,654 [main] INFO  org.apache.pig.backend.hadoop.executionengine.mapReduceLayer.MapReduceLauncher - Running jobs are [job_1550601475905_0007]
2019-02-19 20:29:46,028 [main] INFO  org.apache.pig.backend.hadoop.executionengine.mapReduceLayer.MapReduceLauncher - 40% complete
2019-02-19 20:29:46,028 [main] INFO  org.apache.pig.backend.hadoop.executionengine.mapReduceLayer.MapReduceLauncher - Running jobs are [job_1550601475905_0007]
2019-02-19 20:32:11,399 [main] INFO  org.apache.pig.backend.hadoop.executionengine.mapReduceLayer.MapReduceLauncher - 44% complete
2019-02-19 20:32:11,399 [main] INFO  org.apache.pig.backend.hadoop.executionengine.mapReduceLayer.MapReduceLauncher - Running jobs are [job_1550601475905_0007]
2019-02-19 20:34:36,220 [main] INFO  org.apache.pig.backend.hadoop.executionengine.mapReduceLayer.MapReduceLauncher - 48% complete
2019-02-19 20:34:36,220 [main] INFO  org.apache.pig.backend.hadoop.executionengine.mapReduceLayer.MapReduceLauncher - Running jobs are [job_1550601475905_0007]
2019-02-19 20:36:08,969 [main] INFO  org.apache.pig.backend.hadoop.executionengine.mapReduceLayer.MapReduceLauncher - 52% complete
2019-02-19 20:36:08,969 [main] INFO  org.apache.pig.backend.hadoop.executionengine.mapReduceLayer.MapReduceLauncher - Running jobs are [job_1550601475905_0007]
2019-02-19 20:36:20,981 [main] INFO  org.apache.pig.backend.hadoop.executionengine.mapReduceLayer.MapReduceLauncher - 58% complete
2019-02-19 20:36:20,981 [main] INFO  org.apache.pig.backend.hadoop.executionengine.mapReduceLayer.MapReduceLauncher - Running jobs are [job_1550601475905_0007]
2019-02-19 20:36:30,990 [main] INFO  org.apache.pig.backend.hadoop.executionengine.mapReduceLayer.MapReduceLauncher - 63% complete
2019-02-19 20:36:30,990 [main] INFO  org.apache.pig.backend.hadoop.executionengine.mapReduceLayer.MapReduceLauncher - Running jobs are [job_1550601475905_0007]
2019-02-19 20:36:40,997 [main] INFO  org.apache.pig.backend.hadoop.executionengine.mapReduceLayer.MapReduceLauncher - 68% complete
2019-02-19 20:36:40,997 [main] INFO  org.apache.pig.backend.hadoop.executionengine.mapReduceLayer.MapReduceLauncher - Running jobs are [job_1550601475905_0007]
2019-02-19 20:36:51,004 [main] INFO  org.apache.pig.backend.hadoop.executionengine.mapReduceLayer.MapReduceLauncher - 72% complete
2019-02-19 20:36:51,004 [main] INFO  org.apache.pig.backend.hadoop.executionengine.mapReduceLayer.MapReduceLauncher - Running jobs are [job_1550601475905_0007]
2019-02-19 20:37:01,516 [main] INFO  org.apache.pig.backend.hadoop.executionengine.mapReduceLayer.MapReduceLauncher - 78% complete
2019-02-19 20:37:01,517 [main] INFO  org.apache.pig.backend.hadoop.executionengine.mapReduceLayer.MapReduceLauncher - Running jobs are [job_1550601475905_0007]
2019-02-19 20:37:11,024 [main] INFO  org.apache.pig.backend.hadoop.executionengine.mapReduceLayer.MapReduceLauncher - 83% complete
2019-02-19 20:37:11,024 [main] INFO  org.apache.pig.backend.hadoop.executionengine.mapReduceLayer.MapReduceLauncher - Running jobs are [job_1550601475905_0007]
2019-02-19 20:37:21,530 [main] INFO  org.apache.pig.backend.hadoop.executionengine.mapReduceLayer.MapReduceLauncher - 88% complete
2019-02-19 20:37:21,531 [main] INFO  org.apache.pig.backend.hadoop.executionengine.mapReduceLayer.MapReduceLauncher - Running jobs are [job_1550601475905_0007]
2019-02-19 20:37:31,050 [main] INFO  org.apache.pig.backend.hadoop.executionengine.mapReduceLayer.MapReduceLauncher - 93% complete
2019-02-19 20:37:31,051 [main] INFO  org.apache.pig.backend.hadoop.executionengine.mapReduceLayer.MapReduceLauncher - Running jobs are [job_1550601475905_0007]
2019-02-19 20:37:41,560 [main] INFO  org.apache.pig.backend.hadoop.executionengine.mapReduceLayer.MapReduceLauncher - 99% complete
2019-02-19 20:37:41,560 [main] INFO  org.apache.pig.backend.hadoop.executionengine.mapReduceLayer.MapReduceLauncher - Running jobs are [job_1550601475905_0007]
2019-02-19 20:37:47,069 [main] INFO  org.apache.hadoop.yarn.client.RMProxy - Connecting to ResourceManager at pigfarm-master.ncsu-las.priv/10.0.28.81:8050
2019-02-19 20:37:47,070 [main] INFO  org.apache.hadoop.yarn.client.AHSProxy - Connecting to Application History server at pigfarm-node-1.ncsu-las.priv/10.0.28.195:10200
2019-02-19 20:37:47,076 [main] INFO  org.apache.hadoop.mapred.ClientServiceDelegate - Application state is completed. FinalApplicationStatus=SUCCEEDED. Redirecting to job history server
2019-02-19 20:37:47,534 [main] INFO  org.apache.hadoop.yarn.client.RMProxy - Connecting to ResourceManager at pigfarm-master.ncsu-las.priv/10.0.28.81:8050
2019-02-19 20:37:47,534 [main] INFO  org.apache.hadoop.yarn.client.AHSProxy - Connecting to Application History server at pigfarm-node-1.ncsu-las.priv/10.0.28.195:10200
2019-02-19 20:37:47,538 [main] INFO  org.apache.hadoop.mapred.ClientServiceDelegate - Application state is completed. FinalApplicationStatus=SUCCEEDED. Redirecting to job history server
2019-02-19 20:37:47,744 [main] INFO  org.apache.hadoop.yarn.client.RMProxy - Connecting to ResourceManager at pigfarm-master.ncsu-las.priv/10.0.28.81:8050
2019-02-19 20:37:47,744 [main] INFO  org.apache.hadoop.yarn.client.AHSProxy - Connecting to Application History server at pigfarm-node-1.ncsu-las.priv/10.0.28.195:10200
2019-02-19 20:37:47,748 [main] INFO  org.apache.hadoop.mapred.ClientServiceDelegate - Application state is completed. FinalApplicationStatus=SUCCEEDED. Redirecting to job history server
2019-02-19 20:37:47,775 [main] INFO  org.apache.pig.backend.hadoop.executionengine.mapReduceLayer.MapReduceLauncher - 100% complete
2019-02-19 20:37:47,777 [main] INFO  org.apache.pig.tools.pigstats.mapreduce.SimplePigStats - Script Statistics: 

HadoopVersion	PigVersion	UserId	StartedAt	FinishedAt	Features
3.1.1.3.1.0.0-78	0.16.0.3.1.0.0-78	agadler	2019-02-19 20:09:08	2019-02-19 20:37:47	GROUP_BY

Success!

Job Stats (time in seconds):
JobId	Maps	Reduces	MaxMapTime	MinMapTime	AvgMapTime	MedianMapTime	MaxReduceTime	MinReduceTime	AvgReduceTime	MedianReducetime	Alias	Feature	Outputs
job_1550601475905_0007	1400	109	16	5	9	9	1499	5	66	8	A,B,C,D	GROUP_BY,COMBINER	/output/L6out,

Input(s):
Successfully read 67000000 records (108325689307 bytes) from: "/data/pigmix/pigmix_page_views"

Output(s):
Successfully stored 64315529 records (2467551433 bytes) in: "/output/L6out"

Counters:
Total records written : 64315529
Total bytes written : 2467551433
Spillable Memory Manager spill count : 0
Total bags proactively spilled: 0
Total records proactively spilled: 0

Job DAG:
job_1550601475905_0007


2019-02-19 20:37:47,780 [main] INFO  org.apache.hadoop.yarn.client.RMProxy - Connecting to ResourceManager at pigfarm-master.ncsu-las.priv/10.0.28.81:8050
2019-02-19 20:37:47,780 [main] INFO  org.apache.hadoop.yarn.client.AHSProxy - Connecting to Application History server at pigfarm-node-1.ncsu-las.priv/10.0.28.195:10200
2019-02-19 20:37:47,782 [main] INFO  org.apache.hadoop.mapred.ClientServiceDelegate - Application state is completed. FinalApplicationStatus=SUCCEEDED. Redirecting to job history server
2019-02-19 20:37:48,083 [main] INFO  org.apache.hadoop.yarn.client.RMProxy - Connecting to ResourceManager at pigfarm-master.ncsu-las.priv/10.0.28.81:8050
2019-02-19 20:37:48,083 [main] INFO  org.apache.hadoop.yarn.client.AHSProxy - Connecting to Application History server at pigfarm-node-1.ncsu-las.priv/10.0.28.195:10200
2019-02-19 20:37:48,086 [main] INFO  org.apache.hadoop.mapred.ClientServiceDelegate - Application state is completed. FinalApplicationStatus=SUCCEEDED. Redirecting to job history server
2019-02-19 20:37:48,118 [main] INFO  org.apache.hadoop.yarn.client.RMProxy - Connecting to ResourceManager at pigfarm-master.ncsu-las.priv/10.0.28.81:8050
2019-02-19 20:37:48,118 [main] INFO  org.apache.hadoop.yarn.client.AHSProxy - Connecting to Application History server at pigfarm-node-1.ncsu-las.priv/10.0.28.195:10200
2019-02-19 20:37:48,121 [main] INFO  org.apache.hadoop.mapred.ClientServiceDelegate - Application state is completed. FinalApplicationStatus=SUCCEEDED. Redirecting to job history server
2019-02-19 20:37:48,135 [main] INFO  org.apache.pig.backend.hadoop.executionengine.mapReduceLayer.MapReduceLauncher - Success!
2019-02-19 20:37:48,155 [main] INFO  org.apache.pig.Main - Pig script completed in 28 minutes, 42 seconds and 354 milliseconds (1722354 ms)
