WARNING: HADOOP_PREFIX has been replaced by HADOOP_HOME. Using value of HADOOP_PREFIX.
19/02/20 03:48:23 INFO pig.ExecTypeProvider: Trying ExecType : LOCAL
19/02/20 03:48:23 INFO pig.ExecTypeProvider: Trying ExecType : MAPREDUCE
19/02/20 03:48:23 INFO pig.ExecTypeProvider: Picked MAPREDUCE as the ExecType
2019-02-20 03:48:23,279 [main] INFO  org.apache.pig.Main - Apache Pig version 0.16.0.3.1.0.0-78 (rUnversioned directory) compiled Dec 06 2018, 12:29:08
2019-02-20 03:48:23,279 [main] INFO  org.apache.pig.Main - Logging error messages to: /home/seniorDesign2019/pigmix/scripts/pig_1550634503278.log
2019-02-20 03:48:23,643 [main] INFO  org.apache.pig.impl.util.Utils - Default bootup file /home/agadler/.pigbootup not found
2019-02-20 03:48:23,717 [main] INFO  org.apache.pig.backend.hadoop.executionengine.HExecutionEngine - Connecting to hadoop file system at: hdfs://pigfarm-master.ncsu-las.priv:8020
2019-02-20 03:48:24,105 [main] INFO  org.apache.pig.PigServer - Pig Script ID for the session: PIG-L8.pig-e3db4b4c-2f9c-44de-a019-3f8a119c052b
2019-02-20 03:48:24,261 [main] INFO  org.apache.hadoop.yarn.client.api.impl.TimelineClientImpl - Timeline service address: pigfarm-node-1.ncsu-las.priv:8188
2019-02-20 03:48:24,557 [main] INFO  org.apache.pig.backend.hadoop.PigATSClient - Created ATS Hook
2019-02-20 03:48:24,690 [main] INFO  org.apache.pig.tools.grunt.GruntParser - Waited 0ms to delete file
2019-02-20 03:48:25,093 [main] INFO  org.apache.pig.impl.util.SpillableMemoryManager - Selected heap (PS Old Gen) of size 699400192 to monitor. collectionUsageThreshold = 489580128, usageThreshold = 489580128
2019-02-20 03:48:25,262 [main] INFO  org.apache.pig.tools.pigstats.ScriptState - Pig features used in the script: GROUP_BY
2019-02-20 03:48:25,279 [main] INFO  org.apache.pig.data.SchemaTupleBackend - Key [pig.schematuple] was not set... will not generate code.
2019-02-20 03:48:25,317 [main] INFO  org.apache.pig.newplan.logical.optimizer.LogicalPlanOptimizer - {RULES_ENABLED=[AddForEach, ColumnMapKeyPrune, ConstantCalculator, GroupByConstParallelSetter, LimitOptimizer, LoadTypeCastInserter, MergeFilter, MergeForEach, PartitionFilterOptimizer, PredicatePushdownOptimizer, PushDownForEachFlatten, PushUpFilter, SplitFilter, StreamTypeCastInserter]}
2019-02-20 03:48:25,350 [main] INFO  org.apache.pig.newplan.logical.rules.ColumnPruneVisitor - Columns pruned for A: $1, $3, $4, $5, $7, $8
2019-02-20 03:48:25,452 [main] INFO  org.apache.pig.backend.hadoop.executionengine.mapReduceLayer.MRCompiler - File concatenation threshold: 100 optimistic? false
2019-02-20 03:48:25,465 [main] INFO  org.apache.pig.backend.hadoop.executionengine.util.CombinerOptimizerUtil - Choosing to move algebraic foreach to combiner
2019-02-20 03:48:25,484 [main] INFO  org.apache.pig.backend.hadoop.executionengine.mapReduceLayer.MultiQueryOptimizer - MR plan size before optimization: 1
2019-02-20 03:48:25,484 [main] INFO  org.apache.pig.backend.hadoop.executionengine.mapReduceLayer.MultiQueryOptimizer - MR plan size after optimization: 1
2019-02-20 03:48:25,533 [main] INFO  org.apache.hadoop.yarn.client.RMProxy - Connecting to ResourceManager at pigfarm-master.ncsu-las.priv/10.0.28.81:8050
2019-02-20 03:48:25,731 [main] INFO  org.apache.hadoop.yarn.client.AHSProxy - Connecting to Application History server at pigfarm-node-1.ncsu-las.priv/10.0.28.195:10200
2019-02-20 03:48:25,769 [main] INFO  org.apache.pig.tools.pigstats.mapreduce.MRScriptState - Pig script settings are added to the job
2019-02-20 03:48:25,774 [main] INFO  org.apache.pig.backend.hadoop.executionengine.mapReduceLayer.JobControlCompiler - mapred.job.reduce.markreset.buffer.percent is not set, set to default 0.3
2019-02-20 03:48:25,776 [main] INFO  org.apache.pig.backend.hadoop.executionengine.mapReduceLayer.JobControlCompiler - Reduce phase detected, estimating # of required reducers.
2019-02-20 03:48:25,776 [main] INFO  org.apache.pig.backend.hadoop.executionengine.mapReduceLayer.JobControlCompiler - Setting Parallelism to 1
2019-02-20 03:48:25,776 [main] INFO  org.apache.pig.backend.hadoop.executionengine.mapReduceLayer.JobControlCompiler - This job cannot be converted run in-process
2019-02-20 03:48:25,955 [main] INFO  org.apache.pig.backend.hadoop.executionengine.mapReduceLayer.JobControlCompiler - Added jar file:/home/seniorDesign2019/pigmix/pigperf.jar to DistributedCache through /tmp/temp-1436977089/tmp-407984640/pigperf.jar
2019-02-20 03:48:25,995 [main] INFO  org.apache.pig.backend.hadoop.executionengine.mapReduceLayer.JobControlCompiler - Added jar file:/usr/hdp/3.1.0.0-78/pig/pig-0.16.0.3.1.0.0-78-core-h2.jar to DistributedCache through /tmp/temp-1436977089/tmp769360348/pig-0.16.0.3.1.0.0-78-core-h2.jar
2019-02-20 03:48:26,013 [main] INFO  org.apache.pig.backend.hadoop.executionengine.mapReduceLayer.JobControlCompiler - Added jar file:/usr/hdp/3.1.0.0-78/pig/lib/automaton-1.11-8.jar to DistributedCache through /tmp/temp-1436977089/tmp314287622/automaton-1.11-8.jar
2019-02-20 03:48:26,037 [main] INFO  org.apache.pig.backend.hadoop.executionengine.mapReduceLayer.JobControlCompiler - Added jar file:/usr/hdp/3.1.0.0-78/pig/lib/antlr-runtime-3.4.jar to DistributedCache through /tmp/temp-1436977089/tmp-830736116/antlr-runtime-3.4.jar
2019-02-20 03:48:26,060 [main] INFO  org.apache.pig.backend.hadoop.executionengine.mapReduceLayer.JobControlCompiler - Added jar file:/usr/hdp/3.1.0.0-78/pig/lib/joda-time-2.9.3.jar to DistributedCache through /tmp/temp-1436977089/tmp1898914146/joda-time-2.9.3.jar
2019-02-20 03:48:26,069 [main] INFO  org.apache.pig.backend.hadoop.executionengine.mapReduceLayer.JobControlCompiler - Setting up single store job
2019-02-20 03:48:26,076 [main] INFO  org.apache.pig.data.SchemaTupleFrontend - Key [pig.schematuple] is false, will not generate code.
2019-02-20 03:48:26,076 [main] INFO  org.apache.pig.data.SchemaTupleFrontend - Starting process to move generated code to distributed cacche
2019-02-20 03:48:26,076 [main] INFO  org.apache.pig.data.SchemaTupleFrontend - Setting key [pig.schematuple.classes] with classes to deserialize []
2019-02-20 03:48:26,151 [main] INFO  org.apache.pig.backend.hadoop.executionengine.mapReduceLayer.MapReduceLauncher - 1 map-reduce job(s) waiting for submission.
2019-02-20 03:48:26,157 [JobControl] INFO  org.apache.hadoop.yarn.client.RMProxy - Connecting to ResourceManager at pigfarm-master.ncsu-las.priv/10.0.28.81:8050
2019-02-20 03:48:26,157 [JobControl] INFO  org.apache.hadoop.yarn.client.AHSProxy - Connecting to Application History server at pigfarm-node-1.ncsu-las.priv/10.0.28.195:10200
2019-02-20 03:48:26,326 [JobControl] INFO  org.apache.hadoop.mapreduce.JobResourceUploader - Disabling Erasure Coding for path: /user/agadler/.staging/job_1550601475905_0034
2019-02-20 03:48:26,333 [JobControl] WARN  org.apache.hadoop.mapreduce.JobResourceUploader - No job jar file set.  User classes may not be found. See Job or Job#setJar(String).
2019-02-20 03:48:26,354 [JobControl] INFO  org.apache.pig.test.udf.storefunc.PigPerformanceLoader - Using PigTextInputFormat
2019-02-20 03:48:26,523 [JobControl] INFO  org.apache.hadoop.mapreduce.lib.input.FileInputFormat - Total input files to process : 1400
2019-02-20 03:48:26,524 [JobControl] INFO  org.apache.pig.backend.hadoop.executionengine.util.MapRedUtil - Total input paths to process : 1400
2019-02-20 03:48:26,605 [JobControl] INFO  org.apache.pig.backend.hadoop.executionengine.util.MapRedUtil - Total input paths (combined) to process : 1400
2019-02-20 03:48:26,722 [JobControl] INFO  org.apache.hadoop.mapreduce.JobSubmitter - number of splits:1400
2019-02-20 03:48:27,249 [JobControl] INFO  org.apache.hadoop.mapreduce.JobSubmitter - Submitting tokens for job: job_1550601475905_0034
2019-02-20 03:48:27,250 [JobControl] INFO  org.apache.hadoop.mapreduce.JobSubmitter - Executing with tokens: []
2019-02-20 03:48:27,345 [JobControl] INFO  org.apache.hadoop.mapred.YARNRunner - Job jar is not present. Not adding any jar to the list of resources.
2019-02-20 03:48:27,388 [JobControl] INFO  org.apache.hadoop.conf.Configuration - found resource resource-types.xml at file:/etc/hadoop/3.1.0.0-78/0/resource-types.xml
2019-02-20 03:48:27,646 [JobControl] INFO  org.apache.hadoop.yarn.client.api.impl.YarnClientImpl - Submitted application application_1550601475905_0034
2019-02-20 03:48:27,676 [JobControl] INFO  org.apache.hadoop.mapreduce.Job - The url to track the job: http://pigfarm-master.ncsu-las.priv:8088/proxy/application_1550601475905_0034/
2019-02-20 03:48:27,676 [main] INFO  org.apache.pig.backend.hadoop.executionengine.mapReduceLayer.MapReduceLauncher - HadoopJobId: job_1550601475905_0034
2019-02-20 03:48:27,676 [main] INFO  org.apache.pig.backend.hadoop.executionengine.mapReduceLayer.MapReduceLauncher - Processing aliases A,B,C,D
2019-02-20 03:48:27,676 [main] INFO  org.apache.pig.backend.hadoop.executionengine.mapReduceLayer.MapReduceLauncher - detailed locations: M: A[8,4],B[-1,-1],D[-1,-1],C[12,4] C: D[-1,-1],C[12,4] R: D[-1,-1]
2019-02-20 03:48:27,682 [main] INFO  org.apache.pig.backend.hadoop.executionengine.mapReduceLayer.MapReduceLauncher - 0% complete
2019-02-20 03:48:27,682 [main] INFO  org.apache.pig.backend.hadoop.executionengine.mapReduceLayer.MapReduceLauncher - Running jobs are [job_1550601475905_0034]
2019-02-20 03:49:50,243 [main] INFO  org.apache.pig.backend.hadoop.executionengine.mapReduceLayer.MapReduceLauncher - 4% complete
2019-02-20 03:49:50,243 [main] INFO  org.apache.pig.backend.hadoop.executionengine.mapReduceLayer.MapReduceLauncher - Running jobs are [job_1550601475905_0034]
2019-02-20 03:50:24,819 [main] INFO  org.apache.pig.backend.hadoop.executionengine.mapReduceLayer.MapReduceLauncher - 8% complete
2019-02-20 03:50:24,819 [main] INFO  org.apache.pig.backend.hadoop.executionengine.mapReduceLayer.MapReduceLauncher - Running jobs are [job_1550601475905_0034]
2019-02-20 03:51:22,449 [main] INFO  org.apache.pig.backend.hadoop.executionengine.mapReduceLayer.MapReduceLauncher - 12% complete
2019-02-20 03:51:22,449 [main] INFO  org.apache.pig.backend.hadoop.executionengine.mapReduceLayer.MapReduceLauncher - Running jobs are [job_1550601475905_0034]
2019-02-20 03:52:17,523 [main] INFO  org.apache.pig.backend.hadoop.executionengine.mapReduceLayer.MapReduceLauncher - 16% complete
2019-02-20 03:52:17,523 [main] INFO  org.apache.pig.backend.hadoop.executionengine.mapReduceLayer.MapReduceLauncher - Running jobs are [job_1550601475905_0034]
2019-02-20 03:53:15,155 [main] INFO  org.apache.pig.backend.hadoop.executionengine.mapReduceLayer.MapReduceLauncher - 20% complete
2019-02-20 03:53:15,155 [main] INFO  org.apache.pig.backend.hadoop.executionengine.mapReduceLayer.MapReduceLauncher - Running jobs are [job_1550601475905_0034]
2019-02-20 03:54:10,289 [main] INFO  org.apache.pig.backend.hadoop.executionengine.mapReduceLayer.MapReduceLauncher - 24% complete
2019-02-20 03:54:10,289 [main] INFO  org.apache.pig.backend.hadoop.executionengine.mapReduceLayer.MapReduceLauncher - Running jobs are [job_1550601475905_0034]
2019-02-20 03:55:07,906 [main] INFO  org.apache.pig.backend.hadoop.executionengine.mapReduceLayer.MapReduceLauncher - 28% complete
2019-02-20 03:55:07,906 [main] INFO  org.apache.pig.backend.hadoop.executionengine.mapReduceLayer.MapReduceLauncher - Running jobs are [job_1550601475905_0034]
2019-02-20 03:56:05,538 [main] INFO  org.apache.pig.backend.hadoop.executionengine.mapReduceLayer.MapReduceLauncher - 32% complete
2019-02-20 03:56:05,538 [main] INFO  org.apache.pig.backend.hadoop.executionengine.mapReduceLayer.MapReduceLauncher - Running jobs are [job_1550601475905_0034]
2019-02-20 03:57:00,641 [main] INFO  org.apache.pig.backend.hadoop.executionengine.mapReduceLayer.MapReduceLauncher - 37% complete
2019-02-20 03:57:00,641 [main] INFO  org.apache.pig.backend.hadoop.executionengine.mapReduceLayer.MapReduceLauncher - Running jobs are [job_1550601475905_0034]
2019-02-20 03:57:57,755 [main] INFO  org.apache.pig.backend.hadoop.executionengine.mapReduceLayer.MapReduceLauncher - 41% complete
2019-02-20 03:57:57,755 [main] INFO  org.apache.pig.backend.hadoop.executionengine.mapReduceLayer.MapReduceLauncher - Running jobs are [job_1550601475905_0034]
2019-02-20 03:58:55,349 [main] INFO  org.apache.pig.backend.hadoop.executionengine.mapReduceLayer.MapReduceLauncher - 45% complete
2019-02-20 03:58:55,349 [main] INFO  org.apache.pig.backend.hadoop.executionengine.mapReduceLayer.MapReduceLauncher - Running jobs are [job_1550601475905_0034]
2019-02-20 03:59:52,962 [main] INFO  org.apache.pig.backend.hadoop.executionengine.mapReduceLayer.MapReduceLauncher - 49% complete
2019-02-20 03:59:52,962 [main] INFO  org.apache.pig.backend.hadoop.executionengine.mapReduceLayer.MapReduceLauncher - Running jobs are [job_1550601475905_0034]
2019-02-20 04:00:50,579 [main] INFO  org.apache.pig.backend.hadoop.executionengine.mapReduceLayer.MapReduceLauncher - 53% complete
2019-02-20 04:00:50,579 [main] INFO  org.apache.pig.backend.hadoop.executionengine.mapReduceLayer.MapReduceLauncher - Running jobs are [job_1550601475905_0034]
2019-02-20 04:01:48,209 [main] INFO  org.apache.pig.backend.hadoop.executionengine.mapReduceLayer.MapReduceLauncher - 57% complete
2019-02-20 04:01:48,209 [main] INFO  org.apache.pig.backend.hadoop.executionengine.mapReduceLayer.MapReduceLauncher - Running jobs are [job_1550601475905_0034]
2019-02-20 04:02:45,793 [main] INFO  org.apache.pig.backend.hadoop.executionengine.mapReduceLayer.MapReduceLauncher - 61% complete
2019-02-20 04:02:45,793 [main] INFO  org.apache.pig.backend.hadoop.executionengine.mapReduceLayer.MapReduceLauncher - Running jobs are [job_1550601475905_0034]
2019-02-20 04:03:45,911 [main] INFO  org.apache.pig.backend.hadoop.executionengine.mapReduceLayer.MapReduceLauncher - 65% complete
2019-02-20 04:03:45,911 [main] INFO  org.apache.pig.backend.hadoop.executionengine.mapReduceLayer.MapReduceLauncher - Running jobs are [job_1550601475905_0034]
2019-02-20 04:03:55,931 [main] INFO  org.apache.pig.backend.hadoop.executionengine.mapReduceLayer.MapReduceLauncher - Running jobs are [job_1550601475905_0034]
2019-02-20 04:03:58,939 [main] INFO  org.apache.hadoop.yarn.client.RMProxy - Connecting to ResourceManager at pigfarm-master.ncsu-las.priv/10.0.28.81:8050
2019-02-20 04:03:58,939 [main] INFO  org.apache.hadoop.yarn.client.AHSProxy - Connecting to Application History server at pigfarm-node-1.ncsu-las.priv/10.0.28.195:10200
2019-02-20 04:03:58,946 [main] INFO  org.apache.hadoop.mapred.ClientServiceDelegate - Application state is completed. FinalApplicationStatus=SUCCEEDED. Redirecting to job history server
2019-02-20 04:03:59,428 [main] INFO  org.apache.hadoop.yarn.client.RMProxy - Connecting to ResourceManager at pigfarm-master.ncsu-las.priv/10.0.28.81:8050
2019-02-20 04:03:59,428 [main] INFO  org.apache.hadoop.yarn.client.AHSProxy - Connecting to Application History server at pigfarm-node-1.ncsu-las.priv/10.0.28.195:10200
2019-02-20 04:03:59,431 [main] INFO  org.apache.hadoop.mapred.ClientServiceDelegate - Application state is completed. FinalApplicationStatus=SUCCEEDED. Redirecting to job history server
2019-02-20 04:03:59,629 [main] INFO  org.apache.hadoop.yarn.client.RMProxy - Connecting to ResourceManager at pigfarm-master.ncsu-las.priv/10.0.28.81:8050
2019-02-20 04:03:59,629 [main] INFO  org.apache.hadoop.yarn.client.AHSProxy - Connecting to Application History server at pigfarm-node-1.ncsu-las.priv/10.0.28.195:10200
2019-02-20 04:03:59,632 [main] INFO  org.apache.hadoop.mapred.ClientServiceDelegate - Application state is completed. FinalApplicationStatus=SUCCEEDED. Redirecting to job history server
2019-02-20 04:03:59,668 [main] INFO  org.apache.pig.backend.hadoop.executionengine.mapReduceLayer.MapReduceLauncher - 100% complete
2019-02-20 04:03:59,670 [main] INFO  org.apache.pig.tools.pigstats.mapreduce.SimplePigStats - Script Statistics: 

HadoopVersion	PigVersion	UserId	StartedAt	FinishedAt	Features
3.1.1.3.1.0.0-78	0.16.0.3.1.0.0-78	agadler	2019-02-20 03:48:25	2019-02-20 04:03:59	GROUP_BY

Success!

Job Stats (time in seconds):
JobId	Maps	Reduces	MaxMapTime	MinMapTime	AvgMapTime	MedianMapTime	MaxReduceTime	MinReduceTime	AvgReduceTime	MedianReducetime	Alias	Feature	Outputs
job_1550601475905_0034	1400	1	12	4	7	7	829	829	829	829	A,B,C,D	GROUP_BY,COMBINER	/output/L8out,

Input(s):
Successfully read 67000000 records (108325689307 bytes) from: "/data/pigmix/pigmix_page_views"

Output(s):
Successfully stored 1 records (30 bytes) in: "/output/L8out"

Counters:
Total records written : 1
Total bytes written : 30
Spillable Memory Manager spill count : 0
Total bags proactively spilled: 0
Total records proactively spilled: 0

Job DAG:
job_1550601475905_0034


2019-02-20 04:03:59,674 [main] INFO  org.apache.hadoop.yarn.client.RMProxy - Connecting to ResourceManager at pigfarm-master.ncsu-las.priv/10.0.28.81:8050
2019-02-20 04:03:59,675 [main] INFO  org.apache.hadoop.yarn.client.AHSProxy - Connecting to Application History server at pigfarm-node-1.ncsu-las.priv/10.0.28.195:10200
2019-02-20 04:03:59,677 [main] INFO  org.apache.hadoop.mapred.ClientServiceDelegate - Application state is completed. FinalApplicationStatus=SUCCEEDED. Redirecting to job history server
2019-02-20 04:03:59,894 [main] INFO  org.apache.hadoop.yarn.client.RMProxy - Connecting to ResourceManager at pigfarm-master.ncsu-las.priv/10.0.28.81:8050
2019-02-20 04:03:59,894 [main] INFO  org.apache.hadoop.yarn.client.AHSProxy - Connecting to Application History server at pigfarm-node-1.ncsu-las.priv/10.0.28.195:10200
2019-02-20 04:03:59,896 [main] INFO  org.apache.hadoop.mapred.ClientServiceDelegate - Application state is completed. FinalApplicationStatus=SUCCEEDED. Redirecting to job history server
2019-02-20 04:03:59,913 [main] INFO  org.apache.hadoop.yarn.client.RMProxy - Connecting to ResourceManager at pigfarm-master.ncsu-las.priv/10.0.28.81:8050
2019-02-20 04:03:59,914 [main] INFO  org.apache.hadoop.yarn.client.AHSProxy - Connecting to Application History server at pigfarm-node-1.ncsu-las.priv/10.0.28.195:10200
2019-02-20 04:03:59,916 [main] INFO  org.apache.hadoop.mapred.ClientServiceDelegate - Application state is completed. FinalApplicationStatus=SUCCEEDED. Redirecting to job history server
2019-02-20 04:03:59,934 [main] INFO  org.apache.pig.backend.hadoop.executionengine.mapReduceLayer.MapReduceLauncher - Success!
2019-02-20 04:03:59,960 [main] INFO  org.apache.pig.Main - Pig script completed in 15 minutes, 36 seconds and 742 milliseconds (936742 ms)
